#
# There is insufficient memory for the Java Runtime Environment to continue.
# Native memory allocation (mmap) failed to map 134217728 bytes for G1 virtual space
# Possible reasons:
#   The system is out of physical RAM or swap space
#   The process is running with CompressedOops enabled, and the Java Heap may be blocking the growth of the native heap
# Possible solutions:
#   Reduce memory load on the system
#   Increase physical memory or swap space
#   Check if swap backing store is full
#   Decrease Java heap size (-Xmx/-Xms)
#   Decrease number of Java threads
#   Decrease Java thread stack sizes (-Xss)
#   Set larger code cache with -XX:ReservedCodeCacheSize=
#   JVM is running with Unscaled Compressed Oops mode in which the Java heap is
#     placed in the first 4GB address space. The Java Heap base address is the
#     maximum limit for the native heap growth. Please use -XX:HeapBaseMinAddress
#     to set the Java Heap base and to place the Java Heap above 4GB virtual address.
# This output file may be truncated or incomplete.
#
#  Out of Memory Error (os_windows.cpp:3557), pid=28296, tid=30928
#
# JRE version:  (17.0.6+10) (build )
# Java VM: OpenJDK 64-Bit Server VM (17.0.6+10, mixed mode, sharing, tiered, compressed oops, compressed class ptrs, g1 gc, windows-amd64)
# No core dump will be written. Minidumps are not enabled by default on client versions of Windows
#

---------------  S U M M A R Y ------------

Command Line: -Dfile.encoding=UTF-8 -XX:+ShowCodeDetailsInExceptionMessages com.selenium.ScreenShot

Host: Intel(R) Core(TM) i3-7020U CPU @ 2.30GHz, 4 cores, 7G,  Windows 10 , 64 bit Build 19041 (10.0.19041.2788)
Time: Thu Apr 20 09:57:33 2023 India Standard Time elapsed time: 1.186532 seconds (0d 0h 0m 1s)

---------------  T H R E A D  ---------------

Current thread (0x000002ba0b7e6e50):  JavaThread "Unknown thread" [_thread_in_vm, id=30928, stack(0x000000f0cca00000,0x000000f0ccb00000)]

Stack: [0x000000f0cca00000,0x000000f0ccb00000]
Native frames: (J=compiled Java code, j=interpreted, Vv=VM code, C=native code)
V  [jvm.dll+0x67741a]
V  [jvm.dll+0x834434]
V  [jvm.dll+0x835bde]
V  [jvm.dll+0x836243]
V  [jvm.dll+0x2457b5]
V  [jvm.dll+0x674329]
V  [jvm.dll+0x6689da]
V  [jvm.dll+0x30489b]
V  [jvm.dll+0x30bd96]
V  [jvm.dll+0x35b57e]
V  [jvm.dll+0x35b7af]
V  [jvm.dll+0x2db778]
V  [jvm.dll+0x2dc6e4]
V  [jvm.dll+0x806131]
V  [jvm.dll+0x369331]
V  [jvm.dll+0x7e56ac]
V  [jvm.dll+0x3eb35f]
V  [jvm.dll+0x3ecea1]
C  [jli.dll+0x5267]
C  [ucrtbase.dll+0x21bb2]
C  [KERNEL32.DLL+0x17604]
C  [ntdll.dll+0x526a1]


---------------  P R O C E S S  ---------------

Threads class SMR info:
_java_thread_list=0x00007ffcf1ce5fd8, length=0, elements={
}

Java Threads: ( => current thread )

Other Threads:
  0x000002ba0b8414e0 GCTaskThread "GC Thread#0" [stack: 0x000000f0ccb00000,0x000000f0ccc00000] [id=23280]
  0x000002ba0b890010 ConcurrentGCThread "G1 Main Marker" [stack: 0x000000f0ccc00000,0x000000f0ccd00000] [id=28244]
  0x000002ba0b890a20 ConcurrentGCThread "G1 Conc#0" [stack: 0x000000f0ccd00000,0x000000f0cce00000] [id=5628]

[error occurred during error reporting (printing all threads), id 0xc0000005, EXCEPTION_ACCESS_VIOLATION (0xc0000005) at pc=0x00007ffcf14bc1e7]

VM state: not at safepoint (not fully initialized)

VM Mutex/Monitor currently owned by a thread:  ([mutex/lock_event])
[0x000002ba0b7e1650] Heap_lock - owner thread: 0x000002ba0b7e6e50

Heap address: 0x0000000081600000, size: 2026 MB, Compressed Oops mode: 32-bit

CDS archive(s) mapped at: [0x0000000000000000-0x0000000000000000-0x0000000000000000), size 0, SharedBaseAddress: 0x0000000800000000, ArchiveRelocationMode: 0.
Narrow klass base: 0x0000000000000000, Narrow klass shift: 0, Narrow klass range: 0x0

GC Precious Log:
<Empty>

Heap:
 garbage-first heap   total 0K, used 0K [0x0000000081600000, 0x0000000100000000)
  region size 1024K, 0 young (0K), 0 survivors (0K)

[error occurred during error reporting (printing heap information), id 0xc0000005, EXCEPTION_ACCESS_VIOLATION (0xc0000005) at pc=0x00007ffcf18a06f9]

GC Heap History (0 events):
No events

Dll operation events (1 events):
Event: 1.056 Loaded shared library C:\Users\rmuth\.p2\pool\plugins\org.eclipse.justj.openjdk.hotspot.jre.full.win32.x86_64_17.0.6.v20230204-1729\jre\bin\java.dll

Deoptimization events (0 events):
No events

Classes unloaded (0 events):
No events

Classes redefined (0 events):
No events

Internal exceptions (0 events):
No events

VM Operations (0 events):
No events

Events (0 events):
No events


Dynamic libraries:
0x00007ff7b45e0000 - 0x00007ff7b45ee000 	C:\Users\rmuth\.p2\pool\plugins\org.eclipse.justj.openjdk.hotspot.jre.full.win32.x86_64_17.0.6.v20230204-1729\jre\bin\javaw.exe
0x00007ffd946f0000 - 0x00007ffd948e8000 	C:\WINDOWS\SYSTEM32\ntdll.dll
0x00007ffd944b0000 - 0x00007ffd9456f000 	C:\WINDOWS\System32\KERNEL32.DLL
0x00007ffd92470000 - 0x00007ffd9274a000 	C:\WINDOWS\System32\KERNELBASE.dll
0x00007ffd921d0000 - 0x00007ffd922d0000 	C:\WINDOWS\System32\ucrtbase.dll
0x00007ffd82ed0000 - 0x00007ffd82ee7000 	C:\Users\rmuth\.p2\pool\plugins\org.eclipse.justj.openjdk.hotspot.jre.full.win32.x86_64_17.0.6.v20230204-1729\jre\bin\jli.dll
0x00007ffd92c20000 - 0x00007ffd92dbd000 	C:\WINDOWS\System32\USER32.dll
0x00007ffd91fa0000 - 0x00007ffd91fc2000 	C:\WINDOWS\System32\win32u.dll
0x00007ffd93260000 - 0x00007ffd9328b000 	C:\WINDOWS\System32\GDI32.dll
0x00007ffd7fdd0000 - 0x00007ffd8006a000 	C:\WINDOWS\WinSxS\amd64_microsoft.windows.common-controls_6595b64144ccf1df_6.0.19041.1110_none_60b5254171f9507e\COMCTL32.dll
0x00007ffd922d0000 - 0x00007ffd923e0000 	C:\WINDOWS\System32\gdi32full.dll
0x00007ffd91e50000 - 0x00007ffd91eed000 	C:\WINDOWS\System32\msvcp_win.dll
0x00007ffd94570000 - 0x00007ffd9460e000 	C:\WINDOWS\System32\msvcrt.dll
0x00007ffd82630000 - 0x00007ffd82649000 	C:\Users\rmuth\.p2\pool\plugins\org.eclipse.justj.openjdk.hotspot.jre.full.win32.x86_64_17.0.6.v20230204-1729\jre\bin\VCRUNTIME140.dll
0x00007ffd92fb0000 - 0x00007ffd92fe0000 	C:\WINDOWS\System32\IMM32.DLL
0x00007ffd8c390000 - 0x00007ffd8c39c000 	C:\Users\rmuth\.p2\pool\plugins\org.eclipse.justj.openjdk.hotspot.jre.full.win32.x86_64_17.0.6.v20230204-1729\jre\bin\vcruntime140_1.dll
0x00007ffd5aa10000 - 0x00007ffd5aaa1000 	C:\Users\rmuth\.p2\pool\plugins\org.eclipse.justj.openjdk.hotspot.jre.full.win32.x86_64_17.0.6.v20230204-1729\jre\bin\msvcp140.dll
0x00007ffcf11d0000 - 0x00007ffcf1e17000 	C:\Users\rmuth\.p2\pool\plugins\org.eclipse.justj.openjdk.hotspot.jre.full.win32.x86_64_17.0.6.v20230204-1729\jre\bin\server\jvm.dll
0x00007ffd931b0000 - 0x00007ffd9325e000 	C:\WINDOWS\System32\ADVAPI32.dll
0x00007ffd94610000 - 0x00007ffd946ac000 	C:\WINDOWS\System32\sechost.dll
0x00007ffd93fb0000 - 0x00007ffd940d6000 	C:\WINDOWS\System32\RPCRT4.dll
0x00007ffd81000000 - 0x00007ffd81027000 	C:\WINDOWS\SYSTEM32\WINMM.dll
0x00007ffd8bfd0000 - 0x00007ffd8bfda000 	C:\WINDOWS\SYSTEM32\VERSION.dll
0x00007ffd82f10000 - 0x00007ffd82f19000 	C:\WINDOWS\SYSTEM32\WSOCK32.dll
0x00007ffd93b60000 - 0x00007ffd93bcb000 	C:\WINDOWS\System32\ws2_32.DLL
0x00007ffd90680000 - 0x00007ffd90692000 	C:\WINDOWS\SYSTEM32\kernel.appcore.dll
0x00007ffd82ea0000 - 0x00007ffd82eaa000 	C:\Users\rmuth\.p2\pool\plugins\org.eclipse.justj.openjdk.hotspot.jre.full.win32.x86_64_17.0.6.v20230204-1729\jre\bin\jimage.dll
0x00007ffd90360000 - 0x00007ffd90544000 	C:\WINDOWS\SYSTEM32\DBGHELP.DLL
0x00007ffd83430000 - 0x00007ffd83464000 	C:\WINDOWS\SYSTEM32\dbgcore.DLL
0x00007ffd923e0000 - 0x00007ffd92462000 	C:\WINDOWS\System32\bcryptPrimitives.dll
0x00007ffd67540000 - 0x00007ffd67565000 	C:\Users\rmuth\.p2\pool\plugins\org.eclipse.justj.openjdk.hotspot.jre.full.win32.x86_64_17.0.6.v20230204-1729\jre\bin\java.dll

dbghelp: loaded successfully - version: 4.0.5 - missing functions: none
symbol engine: initialized successfully - sym options: 0x614 - pdb path: .;C:\Users\rmuth\.p2\pool\plugins\org.eclipse.justj.openjdk.hotspot.jre.full.win32.x86_64_17.0.6.v20230204-1729\jre\bin;C:\WINDOWS\SYSTEM32;C:\WINDOWS\WinSxS\amd64_microsoft.windows.common-controls_6595b64144ccf1df_6.0.19041.1110_none_60b5254171f9507e;C:\Users\rmuth\.p2\pool\plugins\org.eclipse.justj.openjdk.hotspot.jre.full.win32.x86_64_17.0.6.v20230204-1729\jre\bin\server

VM Arguments:
jvm_args: -Dfile.encoding=UTF-8 -XX:+ShowCodeDetailsInExceptionMessages 
java_command: com.selenium.ScreenShot
java_class_path (initial): C:\Users\rmuth\eclipse-workspace\Sele7PM\bin;C:\Users\rmuth\Downloads\selenium-server-standalone-3.141.59.jar
Launcher Type: SUN_STANDARD

[Global flags]
     intx CICompilerCount                          = 3                                         {product} {ergonomic}
     uint ConcGCThreads                            = 1                                         {product} {ergonomic}
     uint G1ConcRefinementThreads                  = 4                                         {product} {ergonomic}
   size_t G1HeapRegionSize                         = 1048576                                   {product} {ergonomic}
    uintx GCDrainStackTargetSize                   = 64                                        {product} {ergonomic}
   size_t InitialHeapSize                          = 134217728                                 {product} {ergonomic}
   size_t MarkStackSize                            = 4194304                                   {product} {ergonomic}
   size_t MaxHeapSize                              = 2124414976                                {product} {ergonomic}
   size_t MinHeapDeltaBytes                        = 1048576                                   {product} {ergonomic}
   size_t MinHeapSize                              = 8388608                                   {product} {ergonomic}
    uintx NonNMethodCodeHeapSize                   = 5832780                                {pd product} {ergonomic}
    uintx NonProfiledCodeHeapSize                  = 122912730                              {pd product} {ergonomic}
    uintx ProfiledCodeHeapSize                     = 122912730                              {pd product} {ergonomic}
    uintx ReservedCodeCacheSize                    = 251658240                              {pd product} {ergonomic}
     bool SegmentedCodeCache                       = true                                      {product} {ergonomic}
     bool ShowCodeDetailsInExceptionMessages       = true                                   {manageable} {command line}
   size_t SoftMaxHeapSize                          = 2124414976                             {manageable} {ergonomic}
     bool UseCompressedClassPointers               = true                           {product lp64_product} {ergonomic}
     bool UseCompressedOops                        = true                           {product lp64_product} {ergonomic}
     bool UseG1GC                                  = true                                      {product} {ergonomic}
     bool UseLargePagesIndividualAllocation        = false                                  {pd product} {ergonomic}

Logging:
Log output configuration:
 #0: stdout all=warning uptime,level,tags
 #1: stderr all=off uptime,level,tags

Environment Variables:
JAVA_HOME=C:\Program Files\Java\jdk1.8.0_341
PATH=C:/Users/rmuth/.p2/pool/plugins/org.eclipse.justj.openjdk.hotspot.jre.full.win32.x86_64_17.0.6.v20230204-1729/jre/bin/server;C:/Users/rmuth/.p2/pool/plugins/org.eclipse.justj.openjdk.hotspot.jre.full.win32.x86_64_17.0.6.v20230204-1729/jre/bin;C:\Program Files\Common Files\Oracle\Java\javapath;C:\WINDOWS\system32;C:\WINDOWS;C:\WINDOWS\System32\Wbem;C:\WINDOWS\System32\WindowsPowerShell\v1.0\;C:\WINDOWS\System32\OpenSSH\;C:\Program Files\Java\jdk1.8.0_341\bin;C:\Maven\apache-maven-3.8.6\bin;C:\Program Files\PuTTY\;C:\Program Files\nodejs\;C:\New folder\Git\cmd;C:\Users\rmuth\AppData\Local\Microsoft\WindowsApps;;C:\Users\rmuth\Desktop;
USERNAME=rmuth
OS=Windows_NT
PROCESSOR_IDENTIFIER=Intel64 Family 6 Model 142 Stepping 9, GenuineIntel
TMP=C:\Users\rmuth\AppData\Local\Temp
TEMP=C:\Users\rmuth\AppData\Local\Temp



---------------  S Y S T E M  ---------------

OS:
 Windows 10 , 64 bit Build 19041 (10.0.19041.2788)
OS uptime: 4 days 21:58 hours

CPU: total 4 (initial active 4) (2 cores per cpu, 2 threads per core) family 6 model 142 stepping 9 microcode 0xde, cx8, cmov, fxsr, ht, mmx, 3dnowpref, sse, sse2, sse3, ssse3, sse4.1, sse4.2, popcnt, lzcnt, tsc, tscinvbit, avx, avx2, aes, erms, clmul, bmi1, bmi2, adx, fma, vzeroupper, clflush, clflushopt

Memory: 4k page, system-wide physical 8103M (440M free)
TotalPageFile size 32679M (AvailPageFile size 73M)
current process WorkingSet (physical memory assigned to process): 10M, peak: 10M
current process commit charge ("private bytes"): 52M, peak: 179M

vm_info: OpenJDK 64-Bit Server VM (17.0.6+10) for windows-amd64 JRE (17.0.6+10), built on Jan 18 2023 10:08:59 by "temurin" with MS VC++ 16.7 (VS2019)

END.
